<?xml version="1.0" encoding="UTF-8"?>
<!-- Generated by org.testng.reporters.JUnitReportReporter -->
<testsuite hostname="DESKTOP-C2LIB4A" failures="0" tests="1" name="RestRequests.CreateDevicePost" time="3.289" errors="0" timestamp="2024-09-15T12:01:43 IST" skipped="0">
  <testcase classname="RestRequests.CreateDevicePost" name="createNewDeviceUsingCombinedClass" time="3.289"/>
  <system-out/>
</testsuite> <!-- RestRequests.CreateDevicePost -->
